<?xml version="1.0" encoding="UTF-8"?>
<!-- Generated by org.testng.reporters.JUnitReportReporter -->
<testsuite skipped="0" hostname="BLRL82099" name="Assessment.ValueLabs.TestScripts.MobileScenarios" tests="3" failures="0" timestamp="29 May 2021 08:25:41 GMT" time="18.579" errors="0">
  <testcase name="LoginScenario" time="3.892" classname="Assessment.ValueLabs.TestScripts.MobileScenarios"/>
  <testcase name="SelectItemAndRemove" time="3.906" classname="Assessment.ValueLabs.TestScripts.MobileScenarios"/>
  <testcase name="SelectTheProductandCompleteCheckout" time="10.781" classname="Assessment.ValueLabs.TestScripts.MobileScenarios"/>
</testsuite> <!-- Assessment.ValueLabs.TestScripts.MobileScenarios -->
